heartbeat;D:\github\CentACS.Admin\CentACS.Admin\Controllers\TemplateModel.cs;26;3/19/2015 7:38:51 AM
heartbeat;E:\github\admin\CentACS.Admin\Models\TemplateModel.cs;8;3/19/2015 8:56:14 AM
heartbeat;E:\github\admin\CentACS.Admin\Models\ProductModel.cs;8;3/19/2015 8:56:53 AM
heartbeat;E:\github\admin\CentACS.Admin\Models\TemplateModel.cs;8;3/19/2015 8:57:03 AM
heartbeat;E:\github\admin\CentACS.Admin\Models\TemplateModel.cs;15;3/19/2015 8:58:06 AM
heartbeat;E:\github\admin\CentACS.Admin\Models\TemplateModel.cs;11;3/19/2015 9:07:15 AM
heartbeat;E:\github\admin\CentACS.Admin\Models\TemplateModel.cs;12;3/19/2015 9:07:30 AM
heartbeat;E:\github\admin\CentACS.Admin\Models\TemplateModel.cs;10;3/19/2015 9:07:30 AM
heartbeat;E:\github\admin\CentACS.Admin\Models\TemplateModel.cs;11;3/19/2015 9:07:31 AM
heartbeat;E:\github\admin\CentACS.Admin\Models\TemplateModel.cs;13;3/19/2015 9:07:48 AM
heartbeat;E:\github\admin\CentACS.Admin\Models\TemplateModel.cs;15;3/19/2015 9:07:50 AM
heartbeat;E:\github\admin\CentACS.Admin\Models\TemplateModel.cs;10;3/19/2015 9:12:36 AM
heartbeat;E:\github\admin\CentACS.Admin\Models\TemplateModel.cs;9;3/19/2015 9:12:39 AM
heartbeat;E:\github\admin\CentACS.Admin\Models\TemplateField.cs;8;3/19/2015 9:12:57 AM
heartbeat;E:\github\admin\CentACS.Admin\Models\TemplateModel.cs;11;3/19/2015 9:14:09 AM
heartbeat;E:\github\admin\CentACS.Admin\Models\TemplateFieldModel.cs;9;3/19/2015 9:14:11 AM
heartbeat;E:\github\admin\CentACS.Admin\Controllers\TemplateController.cs;11;3/19/2015 9:14:50 AM
heartbeat;E:\github\admin\CentACS.Admin\Controllers\TemplateController.cs;13;3/19/2015 9:14:59 AM
heartbeat;E:\github\admin\CentACS.Admin\Controllers\TemplateController.cs;9;3/19/2015 9:15:00 AM
heartbeat;E:\github\admin\CentACS.Admin\Controllers\LanguageController.cs;11;3/19/2015 9:15:02 AM
heartbeat;E:\github\admin\CentACS.Admin\Controllers\TemplateController.cs;13;3/19/2015 9:15:25 AM
heartbeat;E:\github\admin\CentACS.Admin\Controllers\TemplateController.cs;16;3/19/2015 9:15:26 AM
heartbeat;E:\github\admin\CentACS.Admin\Controllers\TemplateController.cs;27;3/19/2015 9:16:24 AM
heartbeat;E:\github\admin\CentACS.Admin\Controllers\TemplateController.cs;38;3/19/2015 9:16:25 AM
heartbeat;E:\github\admin\CentACS.Admin\Controllers\TemplateController.cs;35;3/19/2015 9:16:30 AM
heartbeat;E:\github\admin\CentACS.Admin\Controllers\TemplateController.cs;32;3/19/2015 9:16:35 AM
heartbeat;E:\github\admin\CentACS.Admin\Controllers\TemplateController.cs;14;3/19/2015 9:16:40 AM
heartbeat;E:\github\admin\CentACS.Admin\Controllers\TemplateController.cs;39;3/19/2015 9:16:45 AM
heartbeat;E:\github\admin\CentACS.Admin\Controllers\TemplateController.cs;43;3/19/2015 9:17:03 AM
heartbeat;E:\github\admin\CentACS.Admin\Controllers\TemplateController.cs;48;3/19/2015 9:17:06 AM
heartbeat;E:\github\admin\CentACS.Admin\Controllers\TemplateController.cs;51;3/19/2015 9:17:43 AM
heartbeat;E:\github\admin\CentACS.Admin\Controllers\TemplateController.cs;53;3/19/2015 9:17:45 AM
heartbeat;E:\github\admin\CentACS.Admin\Controllers\TemplateController.cs;59;3/19/2015 9:18:11 AM
heartbeat;E:\github\admin\CentACS.Admin\Controllers\TemplateController.cs;47;3/19/2015 9:18:17 AM
heartbeat;E:\github\admin\CentACS.Admin\Controllers\TemplateController.cs;66;3/19/2015 9:18:18 AM
heartbeat;E:\github\admin\CentACS.Admin\Controllers\TemplateController.cs;66;3/19/2015 9:18:27 AM
heartbeat;E:\github\admin\CentACS.Admin\Controllers\TemplateController.cs;69;3/19/2015 9:18:28 AM
heartbeat;E:\github\admin\CentACS.Admin\Controllers\TemplateController.cs;65;3/19/2015 9:18:30 AM
heartbeat;E:\github\admin\CentACS.Admin\Controllers\TemplateController.cs;75;3/19/2015 9:18:31 AM
heartbeat;E:\github\admin\CentACS.Admin\Controllers\TemplateController.cs;78;3/19/2015 9:18:32 AM
heartbeat;E:\github\admin\CentACS.Admin\Controllers\TemplateController.cs;78;3/19/2015 9:19:04 AM
heartbeat;E:\github\admin\CentACS.Admin\Controllers\TemplateController.cs;74;3/19/2015 9:20:59 AM
heartbeat;E:\github\admin\CentACS.Admin\Views\Template\Index.cshtml;12;3/19/2015 9:21:29 AM
heartbeat;E:\github\admin\CentACS.Admin\Views\Template\Index.cshtml;32;3/19/2015 9:21:33 AM
heartbeat;E:\github\admin\CentACS.Admin\Views\Template\Index.cshtml;29;3/19/2015 9:21:50 AM
heartbeat;E:\github\admin\CentACS.Admin\Views\Template\Index.cshtml;34;3/19/2015 9:21:52 AM
heartbeat;E:\github\admin\CentACS.Admin\Views\Template\Index.cshtml;22;3/19/2015 9:21:55 AM
heartbeat;E:\github\admin\CentACS.Admin\Views\Template\Index.cshtml;0;3/19/2015 9:21:58 AM
heartbeat;E:\github\admin\CentACS.Admin\Views\Template\Index.cshtml;5;3/19/2015 9:21:58 AM
heartbeat;E:\github\admin\CentACS.Admin\Views\Template\Index.cshtml;10;3/19/2015 9:21:58 AM
heartbeat;E:\github\admin\CentACS.Admin\Views\Template\Index.cshtml;15;3/19/2015 9:21:58 AM
heartbeat;E:\github\admin\CentACS.Admin\Views\Template\Index.cshtml;18;3/19/2015 9:21:58 AM
heartbeat;E:\github\admin\CentACS.Admin\Views\Template\Index.cshtml;25;3/19/2015 9:21:58 AM
heartbeat;E:\github\admin\CentACS.Admin\Views\Template\Index.cshtml;27;3/19/2015 9:21:58 AM
heartbeat;E:\github\admin\CentACS.Admin\Views\Template\Index.cshtml;30;3/19/2015 9:21:58 AM
heartbeat;E:\github\admin\CentACS.Admin\Views\Template\Index.cshtml;33;3/19/2015 9:21:58 AM
heartbeat;E:\github\admin\CentACS.Admin\Views\Template\Index.cshtml;38;3/19/2015 9:21:58 AM
heartbeat;E:\github\admin\CentACS.Admin\Views\Template\Index.cshtml;22;3/19/2015 9:21:58 AM
heartbeat;E:\github\admin\CentACS.Admin\Views\Template\Index.cshtml;31;3/19/2015 9:21:59 AM
heartbeat;E:\github\admin\CentACS.Admin\Views\Template\Edit.cshtml;10;3/19/2015 9:22:25 AM
heartbeat;E:\github\admin\CentACS.Admin\Views\Template\Details.cshtml;16;3/19/2015 9:23:34 AM
heartbeat;E:\github\admin\CentACS.Admin\Controllers\TemplateController.cs;124;3/19/2015 9:24:04 AM
heartbeat;E:\github\admin\CentACS.Admin\Views\Template\Delete.cshtml;17;3/19/2015 9:24:23 AM
heartbeat;E:\github\admin\CentACS.Admin\Models\TemplateModel.cs;25;3/19/2015 9:24:29 AM
heartbeat;E:\github\admin\CentACS.Admin\Models\TemplateModel.cs;14;3/19/2015 9:28:53 AM
heartbeat;E:\github\admin\CentACS.Admin\Controllers\TemplateController.cs;78;3/19/2015 9:29:05 AM
heartbeat;E:\github\admin\CentACS.Admin\Controllers\TemplateController.cs;76;3/19/2015 9:29:23 AM
heartbeat;E:\github\admin\CentACS.Admin\Controllers\TemplateController.cs;74;3/19/2015 9:29:23 AM
heartbeat;E:\github\admin\CentACS.Admin\Controllers\TemplateController.cs;78;3/19/2015 9:29:49 AM
heartbeat;E:\github\admin\CentACS.Admin\Controllers\TemplateController.cs;86;3/19/2015 9:30:09 AM
heartbeat;E:\github\admin\CentACS.Admin\Controllers\TemplateController.cs;75;3/19/2015 9:31:12 AM
heartbeat;E:\github\admin\CentACS.Admin\Controllers\TemplateController.cs;81;3/19/2015 9:31:14 AM
heartbeat;E:\github\admin\CentACS.Admin\Controllers\TemplateController.cs;85;3/19/2015 9:31:14 AM
heartbeat;E:\github\admin\CentACS.Admin\Controllers\TemplateController.cs;74;3/19/2015 9:31:24 AM
heartbeat;E:\github\admin\CentACS.Admin\Models\BaseModel.cs;7;3/19/2015 9:31:38 AM
heartbeat;E:\github\admin\CentACS.Admin\Models\IInputModel.cs;8;3/19/2015 9:36:31 AM
heartbeat;E:\github\admin\CentACS.Admin\Models\TemplateModel.cs;7;3/19/2015 9:36:55 AM
heartbeat;E:\github\admin\CentACS.Admin\Models\TemplateModel.cs;30;3/19/2015 9:37:08 AM
heartbeat;E:\github\admin\CentACS.Admin\Models\TemplateModel.cs;28;3/19/2015 9:37:12 AM
heartbeat;E:\github\admin\CentACS.Admin\Models\TemplateModel.cs;31;3/19/2015 9:37:17 AM
heartbeat;E:\github\admin\CentACS.Admin\Models\TemplateModel.cs;35;3/19/2015 3:24:27 PM
heartbeat;E:\github\admin\CentACS.Admin\Models\TemplateFieldModel.cs;21;3/19/2015 3:24:34 PM
heartbeat;E:\github\admin\CentACS.Admin\Models\IInputModel.cs;11;3/19/2015 3:25:13 PM
heartbeat;E:\github\admin\CentACS.Admin\Models\IBaseModel.cs;8;3/19/2015 3:25:26 PM
heartbeat;E:\github\admin\CentACS.Admin\Models\LanguageModel.cs;7;3/19/2015 3:25:37 PM
heartbeat;E:\github\admin\CentACS.Admin\Models\LanguageModel.cs;11;3/19/2015 3:25:50 PM
heartbeat;E:\github\admin\CentACS.Admin\Models\ProductModel.cs;7;3/19/2015 3:25:57 PM
heartbeat;E:\github\admin\CentACS.Admin\Models\TemplateFieldModel.cs;7;3/19/2015 3:26:02 PM
heartbeat;E:\github\admin\CentACS.Admin\Models\TemplateModel.cs;8;3/19/2015 3:26:07 PM
heartbeat;E:\github\admin\CentACS.Admin\Models\TemplateModel.cs;33;3/19/2015 3:26:11 PM
heartbeat;E:\github\admin\CentACS.Admin\Models\TemplateModel.cs;16;3/19/2015 3:26:14 PM
heartbeat;E:\github\admin\CentACS.Admin\Repository\LanguageRepository.cs;6;3/19/2015 3:26:35 PM
heartbeat;E:\github\admin\CentACS.Admin\Repository\LanguageRepository.cs;12;3/19/2015 3:27:07 PM
heartbeat;E:\github\admin\CentACS.Admin\Repository\LanguageRepository.cs;9;3/19/2015 3:27:11 PM
heartbeat;E:\github\admin\CentACS.Admin\Repository\LanguageRepository.cs;10;3/19/2015 3:27:20 PM
heartbeat;E:\github\admin\CentACS.Admin\Repository\LanguageRepository.cs;12;3/19/2015 3:27:37 PM
heartbeat;E:\github\admin\CentACS.Admin\Repository\LanguageRepository.cs;10;3/19/2015 3:27:41 PM
heartbeat;E:\github\admin\CentACS.Admin\Repository\BaseRepository.cs;10;3/19/2015 3:28:02 PM
heartbeat;E:\github\admin\CentACS.Admin\Repository\BaseRepository.cs;15;3/19/2015 3:28:05 PM
heartbeat;E:\github\admin\CentACS.Admin\Repository\BaseRepository.cs;17;3/19/2015 3:28:08 PM
heartbeat;E:\github\admin\CentACS.Admin\Repository\LanguageRepository.cs;7;3/19/2015 3:28:21 PM
heartbeat;E:\github\admin\CentACS.Admin\Repository\ProductRepository.cs;7;3/19/2015 3:28:44 PM
heartbeat;E:\github\admin\CentACS.Admin\Repository\TemplateRepository.cs;7;3/19/2015 3:29:00 PM
heartbeat;E:\github\admin\CentACS.Admin\Repository\TemplateRepository.cs;11;3/19/2015 3:29:09 PM
heartbeat;E:\github\admin\CentACS.Admin\Repository\TemplateFieldRepository.cs;7;3/19/2015 3:29:19 PM
heartbeat;E:\github\admin\CentACS.Admin\Controllers\ProductController.cs;9;3/19/2015 3:29:51 PM
heartbeat;E:\github\admin\CentACS.Admin\Controllers\BaseApplicationController.cs;8;3/19/2015 3:30:34 PM
heartbeat;E:\github\admin\CentACS.Admin\Controllers\ProductController.cs;5;3/19/2015 3:30:36 PM
heartbeat;E:\github\admin\CentACS.Admin\Controllers\BaseApplicationController.cs;3;3/19/2015 3:30:38 PM
heartbeat;E:\github\admin\CentACS.Admin\Controllers\BaseApplicationController.cs;5;3/19/2015 3:30:38 PM
heartbeat;E:\github\admin\CentACS.Admin\Controllers\BaseApplicationController.cs;0;3/19/2015 3:30:39 PM
heartbeat;E:\github\admin\CentACS.Admin\Controllers\BaseApplicationController.cs;7;3/19/2015 3:30:42 PM
heartbeat;E:\github\admin\CentACS.Admin\Controllers\ProductController.cs;11;3/19/2015 3:30:45 PM
heartbeat;E:\github\admin\CentACS.Admin\Repository\BaseRepository.cs;10;3/19/2015 3:31:06 PM
heartbeat;E:\github\admin\CentACS.Admin\Repository\BaseRepository.cs;19;3/19/2015 3:31:08 PM
heartbeat;E:\github\admin\CentACS.Admin\Repository\BaseRepository.cs;10;3/19/2015 3:31:10 PM
heartbeat;E:\github\admin\CentACS.Admin\Repository\BaseRepository.cs;17;3/19/2015 3:31:19 PM
heartbeat;E:\github\admin\CentACS.Admin\Repository\BaseRepository.cs;10;3/19/2015 3:31:20 PM
heartbeat;E:\github\admin\CentACS.Admin\Repository\IBaseRepository.cs;3;3/19/2015 3:31:27 PM
heartbeat;E:\github\admin\CentACS.Admin\Repository\BaseRepository.cs;16;3/19/2015 3:32:02 PM
heartbeat;E:\github\admin\CentACS.Admin\Repository\BaseRepository.cs;10;3/19/2015 3:32:04 PM
heartbeat;E:\github\admin\CentACS.Admin\Repository\BaseRepository.cs;15;3/19/2015 3:32:06 PM
heartbeat;E:\github\admin\CentACS.Admin\Controllers\BaseApplicationController.cs;10;3/19/2015 3:32:12 PM
heartbeat;E:\github\admin\CentACS.Admin\Controllers\BaseApplicationController.cs;10;3/19/2015 3:32:16 PM
heartbeat;E:\github\admin\CentACS.Admin\Controllers\BaseApplicationController.cs;9;3/19/2015 3:32:34 PM
heartbeat;E:\github\admin\CentACS.Admin\Controllers\BaseApplicationController.cs;11;3/19/2015 3:32:35 PM
heartbeat;E:\github\admin\CentACS.Admin\Controllers\BaseApplicationController.cs;13;3/19/2015 3:32:35 PM
heartbeat;E:\github\admin\CentACS.Admin\Controllers\BaseApplicationController.cs;17;3/19/2015 3:32:50 PM
heartbeat;E:\github\admin\CentACS.Admin\Controllers\BaseApplicationController.cs;15;3/19/2015 3:32:56 PM
heartbeat;E:\github\admin\CentACS.Admin\Controllers\BaseApplicationController.cs;13;3/19/2015 3:32:57 PM
heartbeat;E:\github\admin\CentACS.Admin\Controllers\BaseApplicationController.cs;15;3/19/2015 3:33:07 PM
heartbeat;E:\github\admin\CentACS.Admin\Controllers\BaseApplicationController.cs;17;3/19/2015 3:33:41 PM
heartbeat;E:\github\admin\CentACS.Admin\Controllers\LanguageController.cs;11;3/19/2015 3:33:49 PM
heartbeat;E:\github\admin\CentACS.Admin\Controllers\LanguageController.cs;5;3/19/2015 3:34:06 PM
heartbeat;E:\github\admin\CentACS.Admin\Controllers\LanguageController.cs;12;3/19/2015 3:34:06 PM
heartbeat;E:\github\admin\CentACS.Admin\Controllers\LanguageController.cs;14;3/19/2015 3:34:18 PM
heartbeat;E:\github\admin\CentACS.Admin\Controllers\LanguageController.cs;20;3/19/2015 3:34:20 PM
heartbeat;E:\github\admin\CentACS.Admin\Controllers\LanguageController.cs;12;3/19/2015 3:34:26 PM
heartbeat;E:\github\admin\CentACS.Admin\Controllers\LanguageController.cs;20;3/19/2015 3:34:27 PM
heartbeat;E:\github\admin\CentACS.Admin\Controllers\LanguageController.cs;25;3/19/2015 3:34:31 PM
heartbeat;E:\github\admin\CentACS.Admin\Controllers\LanguageController.cs;22;3/19/2015 3:34:35 PM
heartbeat;E:\github\admin\CentACS.Admin\Controllers\LanguageController.cs;29;3/19/2015 3:34:39 PM
heartbeat;E:\github\admin\CentACS.Admin\Controllers\LanguageController.cs;22;3/19/2015 3:34:42 PM
heartbeat;E:\github\admin\CentACS.Admin\Controllers\LanguageController.cs;29;3/19/2015 3:34:46 PM
heartbeat;E:\github\admin\CentACS.Admin\Controllers\LanguageController.cs;37;3/19/2015 3:34:48 PM
heartbeat;E:\github\admin\CentACS.Admin\Controllers\LanguageController.cs;30;3/19/2015 3:35:14 PM
heartbeat;E:\github\admin\CentACS.Admin\Controllers\LanguageController.cs;31;3/19/2015 3:35:22 PM
heartbeat;E:\github\admin\CentACS.Admin\Controllers\LanguageController.cs;16;3/19/2015 3:35:25 PM
heartbeat;E:\github\admin\CentACS.Admin\Controllers\LanguageController.cs;52;3/19/2015 3:35:34 PM
heartbeat;E:\github\admin\CentACS.Admin\Controllers\LanguageController.cs;86;3/19/2015 3:35:49 PM
heartbeat;E:\github\admin\CentACS.Admin\Controllers\LanguageController.cs;83;3/19/2015 3:35:53 PM
heartbeat;E:\github\admin\CentACS.Admin\Controllers\LanguageController.cs;86;3/19/2015 3:35:54 PM
heartbeat;E:\github\admin\CentACS.Admin\Controllers\LanguageController.cs;83;3/19/2015 3:35:58 PM
heartbeat;E:\github\admin\CentACS.Admin\Controllers\LanguageController.cs;76;3/19/2015 3:36:04 PM
heartbeat;E:\github\admin\CentACS.Admin\Controllers\LanguageController.cs;79;3/19/2015 3:36:05 PM
heartbeat;E:\github\admin\CentACS.Admin\Controllers\LanguageController.cs;83;3/19/2015 3:36:06 PM
heartbeat;E:\github\admin\CentACS.Admin\Controllers\LanguageController.cs;86;3/19/2015 3:36:19 PM
heartbeat;E:\github\admin\CentACS.Admin\Controllers\LanguageController.cs;84;3/19/2015 3:36:21 PM
heartbeat;E:\github\admin\CentACS.Admin\Controllers\LanguageController.cs;86;3/19/2015 3:36:22 PM
heartbeat;E:\github\admin\CentACS.Admin\Controllers\LanguageController.cs;72;3/19/2015 3:36:28 PM
heartbeat;E:\github\admin\CentACS.Admin\Controllers\LanguageController.cs;110;3/19/2015 3:36:31 PM
heartbeat;E:\github\admin\CentACS.Admin\Controllers\LanguageController.cs;101;3/19/2015 3:36:33 PM
heartbeat;E:\github\admin\CentACS.Admin\Controllers\LanguageController.cs;103;3/19/2015 3:36:54 PM
heartbeat;E:\github\admin\CentACS.Admin\Controllers\LanguageController.cs;107;3/19/2015 3:37:01 PM
heartbeat;E:\github\admin\CentACS.Admin\Controllers\LanguageController.cs;110;3/19/2015 3:37:02 PM
heartbeat;E:\github\admin\CentACS.Admin\Controllers\LanguageController.cs;99;3/19/2015 3:37:04 PM
heartbeat;E:\github\admin\CentACS.Admin\Controllers\LanguageController.cs;110;3/19/2015 3:37:06 PM
heartbeat;E:\github\admin\CentACS.Admin\Controllers\LanguageController.cs;97;3/19/2015 3:37:07 PM
heartbeat;E:\github\admin\CentACS.Admin\Controllers\LanguageController.cs;119;3/19/2015 3:37:14 PM
heartbeat;E:\github\admin\CentACS.Admin\Controllers\LanguageController.cs;122;3/19/2015 3:37:16 PM
heartbeat;E:\github\admin\CentACS.Admin\Controllers\LanguageController.cs;119;3/19/2015 3:37:17 PM
heartbeat;E:\github\admin\CentACS.Admin\Controllers\LanguageController.cs;123;3/19/2015 3:37:27 PM
heartbeat;E:\github\admin\CentACS.Admin\Controllers\LanguageController.cs;123;3/19/2015 3:37:29 PM
heartbeat;E:\github\admin\CentACS.Admin\Controllers\LanguageController.cs;121;3/19/2015 3:37:29 PM
heartbeat;E:\github\admin\CentACS.Admin\Controllers\LanguageController.cs;119;3/19/2015 3:37:36 PM
heartbeat;E:\github\admin\CentACS.Admin\Controllers\LanguageController.cs;124;3/19/2015 3:37:37 PM
heartbeat;E:\github\admin\CentACS.Admin\Controllers\LanguageController.cs;123;3/19/2015 3:37:38 PM
heartbeat;E:\github\admin\CentACS.Admin\Controllers\LanguageController.cs;126;3/19/2015 3:37:42 PM
heartbeat;E:\github\admin\CentACS.Admin\Controllers\LanguageController.cs;115;3/19/2015 3:37:46 PM
heartbeat;E:\github\admin\CentACS.Admin\Controllers\LanguageController.cs;142;3/19/2015 3:37:49 PM
heartbeat;E:\github\admin\CentACS.Admin\Controllers\LanguageController.cs;144;3/19/2015 3:37:54 PM
heartbeat;E:\github\admin\CentACS.Admin\Controllers\LanguageController.cs;138;3/19/2015 3:38:09 PM
heartbeat;E:\github\admin\CentACS.Admin\Controllers\LanguageController.cs;144;3/19/2015 3:38:13 PM
heartbeat;E:\github\admin\CentACS.Admin\Controllers\LanguageController.cs;140;3/19/2015 3:38:14 PM
heartbeat;E:\github\admin\CentACS.Admin\Controllers\LanguageController.cs;144;3/19/2015 3:38:14 PM
heartbeat;E:\github\admin\CentACS.Admin\Controllers\LanguageController.cs;138;3/19/2015 3:38:21 PM
heartbeat;E:\github\admin\CentACS.Admin\Controllers\LanguageController.cs;161;3/19/2015 3:38:23 PM
heartbeat;E:\github\admin\CentACS.Admin\Controllers\LanguageController.cs;164;3/19/2015 3:38:28 PM
heartbeat;E:\github\admin\CentACS.Admin\Controllers\LanguageController.cs;163;3/19/2015 3:38:31 PM
heartbeat;E:\github\admin\CentACS.Admin\Controllers\LanguageController.cs;159;3/19/2015 3:38:40 PM
heartbeat;E:\github\admin\CentACS.Admin\Controllers\LanguageController.cs;165;3/19/2015 3:38:49 PM
heartbeat;E:\github\admin\CentACS.Admin\Controllers\LanguageController.cs;157;3/19/2015 3:38:55 PM
heartbeat;E:\github\admin\CentACS.Admin\Controllers\ProductController.cs;10;3/19/2015 3:39:05 PM
heartbeat;E:\github\admin\CentACS.Admin\Controllers\ProductController.cs;16;3/19/2015 3:39:16 PM
heartbeat;E:\github\admin\CentACS.Admin\Controllers\ProductController.cs;16;3/19/2015 3:39:37 PM
heartbeat;E:\github\admin\CentACS.Admin\Controllers\ProductController.cs;19;3/19/2015 3:39:40 PM
heartbeat;E:\github\admin\CentACS.Admin\Controllers\ProductController.cs;19;3/19/2015 3:39:49 PM
heartbeat;E:\github\admin\CentACS.Admin\Controllers\ProductController.cs;16;3/19/2015 3:39:51 PM
heartbeat;E:\github\admin\CentACS.Admin\Controllers\ProductController.cs;21;3/19/2015 3:39:52 PM
heartbeat;E:\github\admin\CentACS.Admin\Controllers\ProductController.cs;24;3/19/2015 3:40:03 PM
heartbeat;E:\github\admin\CentACS.Admin\Controllers\ProductController.cs;30;3/19/2015 3:40:04 PM
heartbeat;E:\github\admin\CentACS.Admin\Controllers\ProductController.cs;26;3/19/2015 3:40:12 PM
heartbeat;E:\github\admin\CentACS.Admin\Controllers\ProductController.cs;31;3/19/2015 3:40:15 PM
heartbeat;E:\github\admin\CentACS.Admin\Controllers\ProductController.cs;35;3/19/2015 3:40:32 PM
heartbeat;E:\github\admin\CentACS.Admin\Controllers\ProductController.cs;16;3/19/2015 3:40:35 PM
heartbeat;E:\github\admin\CentACS.Admin\Controllers\ProductController.cs;40;3/19/2015 3:40:36 PM
heartbeat;E:\github\admin\CentACS.Admin\Controllers\ProductController.cs;45;3/19/2015 3:40:43 PM
heartbeat;E:\github\admin\CentACS.Admin\Controllers\ProductController.cs;42;3/19/2015 3:42:25 PM
heartbeat;E:\github\admin\CentACS.Admin\Controllers\ProductController.cs;46;3/19/2015 3:42:25 PM
heartbeat;E:\github\admin\CentACS.Admin\Controllers\ProductController.cs;48;3/19/2015 3:42:26 PM
heartbeat;E:\github\admin\CentACS.Admin\Controllers\ProductController.cs;44;3/19/2015 3:42:33 PM
heartbeat;E:\github\admin\CentACS.Admin\Controllers\ProductController.cs;46;3/19/2015 3:42:34 PM
heartbeat;E:\github\admin\CentACS.Admin\Controllers\ProductController.cs;39;3/19/2015 3:42:50 PM
heartbeat;E:\github\admin\CentACS.Admin\Controllers\ProductController.cs;58;3/19/2015 3:42:51 PM
heartbeat;E:\github\admin\CentACS.Admin\Controllers\ProductController.cs;58;3/19/2015 3:42:59 PM
heartbeat;E:\github\admin\CentACS.Admin\Controllers\ProductController.cs;62;3/19/2015 3:43:00 PM
heartbeat;E:\github\admin\CentACS.Admin\Controllers\ProductController.cs;56;3/19/2015 3:43:01 PM
heartbeat;E:\github\admin\CentACS.Admin\Controllers\ProductController.cs;71;3/19/2015 3:43:02 PM
heartbeat;E:\github\admin\CentACS.Admin\Controllers\ProductController.cs;67;3/19/2015 3:44:00 PM
heartbeat;E:\github\admin\CentACS.Admin\Controllers\ProductController.cs;89;3/19/2015 3:44:01 PM
heartbeat;E:\github\admin\CentACS.Admin\Controllers\ProductController.cs;101;3/19/2015 3:44:32 PM
heartbeat;E:\github\admin\CentACS.Admin\Controllers\ProductController.cs;88;3/19/2015 3:44:37 PM
heartbeat;E:\github\admin\CentACS.Admin\Controllers\ProductController.cs;109;3/19/2015 3:44:38 PM
heartbeat;E:\github\admin\CentACS.Admin\Controllers\ProductController.cs;114;3/19/2015 3:45:15 PM
heartbeat;E:\github\admin\CentACS.Admin\Controllers\ProductController.cs;106;3/19/2015 3:45:20 PM
heartbeat;E:\github\admin\CentACS.Admin\Controllers\ProductController.cs;129;3/19/2015 3:45:21 PM
heartbeat;E:\github\admin\CentACS.Admin\Controllers\ProductController.cs;128;3/19/2015 3:45:53 PM
heartbeat;E:\github\admin\CentACS.Admin\Controllers\ProductController.cs;149;3/19/2015 3:45:54 PM
heartbeat;E:\github\admin\CentACS.Admin\Controllers\ProductController.cs;148;3/19/2015 3:46:09 PM
heartbeat;E:\github\admin\CentACS.Admin\Controllers\ProductController.cs;153;3/19/2015 3:46:19 PM
heartbeat;E:\github\admin\CentACS.Admin\Controllers\ProductController.cs;146;3/19/2015 3:46:45 PM
heartbeat;E:\github\admin\CentACS.Admin\Controllers\ProductController.cs;170;3/19/2015 3:46:49 PM
heartbeat;E:\github\admin\CentACS.Admin\Controllers\TemplateController.cs;10;3/19/2015 3:47:57 PM
heartbeat;E:\github\admin\CentACS.Admin\Controllers\TemplateController.cs;13;3/19/2015 3:48:05 PM
heartbeat;E:\github\admin\CentACS.Admin\Controllers\TemplateController.cs;10;3/19/2015 3:48:06 PM
heartbeat;E:\github\admin\CentACS.Admin\Controllers\TemplateController.cs;2;3/19/2015 3:48:18 PM
heartbeat;E:\github\admin\CentACS.Admin\Controllers\TemplateController.cs;10;3/19/2015 3:48:19 PM
heartbeat;E:\github\admin\CentACS.Admin\Controllers\TemplateController.cs;0;3/19/2015 3:48:21 PM
heartbeat;E:\github\admin\CentACS.Admin\Controllers\TemplateController.cs;7;3/19/2015 3:48:24 PM
heartbeat;E:\github\admin\CentACS.Admin\Controllers\TemplateController.cs;18;3/19/2015 3:48:31 PM
heartbeat;E:\github\admin\CentACS.Admin\Controllers\TemplateController.cs;26;3/19/2015 3:49:16 PM
heartbeat;E:\github\admin\CentACS.Admin\Controllers\TemplateController.cs;30;3/19/2015 3:49:24 PM
heartbeat;E:\github\admin\CentACS.Admin\Controllers\TemplateController.cs;27;3/19/2015 3:49:26 PM
heartbeat;E:\github\admin\CentACS.Admin\Controllers\TemplateController.cs;30;3/19/2015 3:49:30 PM
heartbeat;E:\github\admin\CentACS.Admin\Controllers\TemplateController.cs;30;3/19/2015 3:49:37 PM
heartbeat;E:\github\admin\CentACS.Admin\Controllers\TemplateController.cs;40;3/19/2015 3:49:38 PM
heartbeat;E:\github\admin\CentACS.Admin\Controllers\TemplateController.cs;34;3/19/2015 3:49:39 PM
heartbeat;E:\github\admin\CentACS.Admin\Controllers\TemplateController.cs;31;3/19/2015 3:49:42 PM
heartbeat;E:\github\admin\CentACS.Admin\Controllers\TemplateController.cs;33;3/19/2015 3:49:43 PM
heartbeat;E:\github\admin\CentACS.Admin\Controllers\TemplateController.cs;41;3/19/2015 3:49:47 PM
heartbeat;E:\github\admin\CentACS.Admin\Controllers\TemplateController.cs;45;3/19/2015 3:50:02 PM
heartbeat;E:\github\admin\CentACS.Admin\Controllers\TemplateController.cs;17;3/19/2015 3:50:04 PM
heartbeat;E:\github\admin\CentACS.Admin\Controllers\TemplateController.cs;51;3/19/2015 3:50:05 PM
heartbeat;E:\github\admin\CentACS.Admin\Controllers\TemplateController.cs;57;3/19/2015 3:50:30 PM
heartbeat;E:\github\admin\CentACS.Admin\Controllers\TemplateController.cs;51;3/19/2015 3:50:45 PM
heartbeat;E:\github\admin\CentACS.Admin\Controllers\TemplateController.cs;62;3/19/2015 3:50:46 PM
heartbeat;E:\github\admin\CentACS.Admin\Controllers\TemplateController.cs;49;3/19/2015 3:50:47 PM
heartbeat;E:\github\admin\CentACS.Admin\Controllers\TemplateController.cs;67;3/19/2015 3:50:48 PM
heartbeat;E:\github\admin\CentACS.Admin\Controllers\TemplateController.cs;77;3/19/2015 3:51:56 PM
heartbeat;E:\github\admin\CentACS.Admin\Controllers\TemplateController.cs;81;3/19/2015 3:51:57 PM
heartbeat;E:\github\admin\CentACS.Admin\Controllers\TemplateController.cs;82;3/19/2015 3:52:04 PM
heartbeat;E:\github\admin\CentACS.Admin\Controllers\TemplateController.cs;85;3/19/2015 3:52:05 PM
heartbeat;E:\github\admin\CentACS.Admin\Controllers\TemplateController.cs;67;3/19/2015 3:52:10 PM
heartbeat;E:\github\admin\CentACS.Admin\Controllers\TemplateController.cs;93;3/19/2015 3:52:12 PM
heartbeat;E:\github\admin\CentACS.Admin\Controllers\TemplateController.cs;90;3/19/2015 3:53:49 PM
heartbeat;E:\github\admin\CentACS.Admin\Controllers\TemplateController.cs;101;3/19/2015 3:53:55 PM
heartbeat;E:\github\admin\CentACS.Admin\Controllers\TemplateController.cs;103;3/19/2015 3:54:04 PM
heartbeat;E:\github\admin\CentACS.Admin\Controllers\TemplateController.cs;90;3/19/2015 3:54:17 PM
heartbeat;E:\github\admin\CentACS.Admin\Controllers\TemplateController.cs;116;3/19/2015 3:54:17 PM
heartbeat;E:\github\admin\CentACS.Admin\Controllers\TemplateController.cs;120;3/19/2015 3:54:31 PM
heartbeat;E:\github\admin\CentACS.Admin\Controllers\TemplateController.cs;118;3/19/2015 3:54:32 PM
heartbeat;E:\github\admin\CentACS.Admin\Controllers\TemplateController.cs;72;3/19/2015 3:55:08 PM
heartbeat;E:\github\admin\CentACS.Admin\Controllers\TemplateController.cs;71;3/19/2015 3:55:11 PM
heartbeat;E:\github\admin\CentACS.Admin\Controllers\TemplateController.cs;67;3/19/2015 3:55:20 PM
heartbeat;E:\github\admin\CentACS.Admin\Controllers\TemplateController.cs;122;3/19/2015 3:55:22 PM
heartbeat;E:\github\admin\CentACS.Admin\Controllers\TemplateController.cs;133;3/19/2015 3:55:22 PM
heartbeat;E:\github\admin\CentACS.Admin\Controllers\TemplateController.cs;122;3/19/2015 3:55:26 PM
heartbeat;E:\github\admin\CentACS.Admin\Controllers\TemplateController.cs;133;3/19/2015 3:55:28 PM
heartbeat;E:\github\admin\CentACS.Admin\Controllers\TemplateController.cs;124;3/19/2015 3:55:30 PM
heartbeat;E:\github\admin\CentACS.Admin\Controllers\TemplateController.cs;127;3/19/2015 3:55:31 PM
heartbeat;E:\github\admin\CentACS.Admin\Controllers\TemplateController.cs;133;3/19/2015 3:55:32 PM
heartbeat;E:\github\admin\CentACS.Admin\Controllers\TemplateController.cs;134;3/19/2015 3:55:35 PM
heartbeat;E:\github\admin\CentACS.Admin\Controllers\TemplateController.cs;115;3/19/2015 3:55:50 PM
heartbeat;E:\github\admin\CentACS.Admin\Controllers\TemplateController.cs;149;3/19/2015 3:55:52 PM
heartbeat;E:\github\admin\CentACS.Admin\Controllers\TemplateController.cs;95;3/19/2015 3:56:23 PM
heartbeat;E:\github\admin\CentACS.Admin\Controllers\TemplateController.cs;90;3/19/2015 3:56:30 PM
heartbeat;E:\github\admin\CentACS.Admin\Controllers\TemplateController.cs;154;3/19/2015 3:56:31 PM
heartbeat;E:\github\admin\CentACS.Admin\Controllers\TemplateController.cs;156;3/19/2015 3:56:32 PM
heartbeat;E:\github\admin\CentACS.Admin\Controllers\TemplateController.cs;163;3/19/2015 3:56:57 PM
heartbeat;E:\github\admin\CentACS.Admin\Controllers\TemplateController.cs;160;3/19/2015 3:56:58 PM
heartbeat;E:\github\admin\CentACS.Admin\Controllers\TemplateController.cs;154;3/19/2015 3:56:58 PM
heartbeat;E:\github\admin\CentACS.Admin\Controllers\TemplateController.cs;157;3/19/2015 3:57:03 PM
heartbeat;E:\github\admin\CentACS.Admin\Controllers\TemplateController.cs;161;3/19/2015 3:57:10 PM
heartbeat;E:\github\admin\CentACS.Admin\Controllers\TemplateController.cs;159;3/19/2015 3:57:11 PM
heartbeat;E:\github\admin\CentACS.Admin\Controllers\TemplateController.cs;146;3/19/2015 3:57:40 PM
heartbeat;E:\github\admin\CentACS.Admin\Controllers\TemplateController.cs;177;3/19/2015 3:57:41 PM
heartbeat;E:\github\admin\CentACS.Admin\Controllers\TemplateController.cs;182;3/19/2015 3:58:10 PM
heartbeat;E:\github\admin\CentACS.Admin\Controllers\TemplateController.cs;189;3/19/2015 3:58:11 PM
heartbeat;E:\github\admin\CentACS.Admin\Controllers\TemplateController.cs;176;3/19/2015 3:58:19 PM
heartbeat;E:\github\admin\CentACS.Admin\Controllers\TemplateController.cs;198;3/19/2015 3:58:20 PM
heartbeat;E:\github\admin\CentACS.Admin\Controllers\TemplateController.cs;160;3/19/2015 3:59:02 PM
heartbeat;E:\github\admin\CentACS.Admin\Controllers\TemplateController.cs;164;3/19/2015 3:59:22 PM
heartbeat;E:\github\admin\CentACS.Admin\Controllers\TemplateController.cs;162;3/19/2015 3:59:27 PM
heartbeat;E:\github\admin\CentACS.Admin\Controllers\TemplateController.cs;204;3/19/2015 4:00:00 PM
heartbeat;E:\github\admin\CentACS.Admin\Controllers\TemplateController.cs;202;3/19/2015 4:00:04 PM
heartbeat;E:\github\admin\CentACS.Admin\Controllers\TemplateController.cs;205;3/19/2015 4:00:05 PM
heartbeat;E:\github\admin\CentACS.Admin\Controllers\TemplateController.cs;196;3/19/2015 4:00:07 PM
heartbeat;E:\github\admin\CentACS.Admin\Controllers\TemplateController.cs;220;3/19/2015 4:00:27 PM
heartbeat;E:\github\admin\CentACS.Admin\Controllers\TemplateController.cs;218;3/19/2015 4:00:27 PM
heartbeat;E:\github\admin\CentACS.Admin\Controllers\TemplateController.cs;193;3/19/2015 4:00:31 PM
heartbeat;E:\github\admin\CentACS.Admin\Views\Product\Delete.cshtml;11;3/19/2015 4:02:19 PM
heartbeat;E:\github\admin\CentACS.Admin\Models\TemplateViewModel.cs;8;3/19/2015 4:02:35 PM
heartbeat;E:\github\admin\CentACS.Admin\Views\Product\Delete.cshtml;13;3/19/2015 4:03:01 PM
heartbeat;E:\github\admin\CentACS.Admin\Views\Template\Create.cshtml;17;3/19/2015 4:04:21 PM
heartbeat;E:\github\admin\CentACS.Admin\Models\TemplateViewModel.cs;13;3/19/2015 4:04:29 PM
heartbeat;E:\github\admin\CentACS.Admin\Models\TemplateViewModel.cs;7;3/19/2015 4:04:31 PM
heartbeat;E:\github\admin\CentACS.Admin\Models\TemplateViewModel.cs;13;3/19/2015 4:04:32 PM
heartbeat;E:\github\admin\CentACS.Admin\Models\TemplateViewModel.cs;7;3/19/2015 4:05:24 PM
heartbeat;E:\github\admin\CentACS.Admin\Models\TemplateViewModel.cs;13;3/19/2015 4:05:25 PM
heartbeat;E:\github\admin\CentACS.Admin\Repository\BaseRepository.cs;16;3/19/2015 4:05:35 PM
heartbeat;E:\github\admin\CentACS.Admin\Controllers\ProductController.cs;36;3/19/2015 4:05:47 PM
heartbeat;E:\github\admin\CentACS.Admin\Controllers\ProductController.cs;38;3/19/2015 4:35:17 PM
heartbeat;E:\github\admin\CentACS.Admin\Views\Shared\_Layout.cshtml;12;3/19/2015 4:36:10 PM
heartbeat;E:\github\admin\CentACS.Admin\Views\Shared\_Layout.cshtml;24;3/19/2015 4:36:18 PM
heartbeat;E:\github\admin\CentACS.Admin\Views\Shared\_Layout.cshtml;25;3/19/2015 4:37:47 PM
heartbeat;E:\github\admin\CentACS.Admin\Views\Shared\_Layout.cshtml;25;3/19/2015 4:37:56 PM
heartbeat;E:\github\admin\CentACS.Admin\Views\Shared\_Layout.cshtml;27;3/19/2015 4:37:59 PM
heartbeat;E:\github\admin\CentACS.Admin\Views\Shared\_Layout.cshtml;29;3/19/2015 4:38:04 PM
heartbeat;E:\github\admin\CentACS.Admin\Views\Product\Index.cshtml;19;3/19/2015 4:39:01 PM
heartbeat;E:\github\admin\CentACS.Admin\Views\Product\Index.cshtml;12;3/19/2015 4:39:10 PM
heartbeat;E:\github\admin\CentACS.Admin\Views\Product\Index.cshtml;6;3/19/2015 4:39:12 PM
heartbeat;E:\github\admin\CentACS.Admin\Views\Product\Index.cshtml;0;3/19/2015 4:39:15 PM
heartbeat;E:\github\admin\CentACS.Admin\Views\Product\Index.cshtml;3;3/19/2015 4:39:15 PM
heartbeat;E:\github\admin\CentACS.Admin\Views\Product\Index.cshtml;18;3/19/2015 4:39:15 PM
heartbeat;E:\github\admin\CentACS.Admin\Views\Product\Index.cshtml;20;3/19/2015 4:39:15 PM
heartbeat;E:\github\admin\CentACS.Admin\Views\Product\Index.cshtml;23;3/19/2015 4:39:15 PM
heartbeat;E:\github\admin\CentACS.Admin\Views\Product\Index.cshtml;26;3/19/2015 4:39:15 PM
heartbeat;E:\github\admin\CentACS.Admin\Views\Product\Index.cshtml;31;3/19/2015 4:39:15 PM
heartbeat;E:\github\admin\CentACS.Admin\Views\Product\Index.cshtml;6;3/19/2015 4:39:15 PM
heartbeat;E:\github\admin\CentACS.Admin\Views\Product\Index.cshtml;32;3/19/2015 4:39:38 PM
heartbeat;E:\github\admin\CentACS.Admin\Views\Product\Index.cshtml;4;3/19/2015 4:39:46 PM
heartbeat;E:\github\admin\CentACS.Admin\Views\Product\Index.cshtml;2;3/19/2015 4:39:47 PM
heartbeat;E:\github\admin\CentACS.Admin\Views\Product\Index.cshtml;18;3/19/2015 4:40:30 PM
heartbeat;E:\github\admin\CentACS.Admin\Views\Product\Index.cshtml;10;3/19/2015 4:40:35 PM
heartbeat;E:\github\admin\CentACS.Admin\Views\Product\Index.cshtml;14;3/19/2015 4:41:26 PM
heartbeat;E:\github\admin\CentACS.Admin\Views\Product\Index.cshtml;16;3/19/2015 4:41:27 PM
heartbeat;E:\github\admin\CentACS.Admin\Views\Product\Index.cshtml;52;3/19/2015 4:41:32 PM
heartbeat;E:\github\admin\CentACS.Admin\Views\Product\Index.cshtml;37;3/19/2015 4:41:32 PM
heartbeat;E:\github\admin\CentACS.Admin\Views\Product\Index.cshtml;25;3/19/2015 4:41:32 PM
heartbeat;E:\github\admin\CentACS.Admin\Views\Product\Index.cshtml;17;3/19/2015 4:41:34 PM
heartbeat;E:\github\admin\CentACS.Admin\Views\Product\Index.cshtml;47;3/19/2015 4:41:42 PM
heartbeat;E:\github\admin\CentACS.Admin\Views\Product\Index.cshtml;22;3/19/2015 4:41:42 PM
heartbeat;E:\github\admin\CentACS.Admin\Views\Product\Index.cshtml;25;3/19/2015 4:41:42 PM
heartbeat;E:\github\admin\CentACS.Admin\Views\Product\Index.cshtml;32;3/19/2015 4:41:42 PM
heartbeat;E:\github\admin\CentACS.Admin\Views\Product\Index.cshtml;34;3/19/2015 4:41:42 PM
heartbeat;E:\github\admin\CentACS.Admin\Views\Product\Index.cshtml;37;3/19/2015 4:41:42 PM
heartbeat;E:\github\admin\CentACS.Admin\Views\Product\Index.cshtml;40;3/19/2015 4:41:42 PM
heartbeat;E:\github\admin\CentACS.Admin\Views\Product\Index.cshtml;45;3/19/2015 4:41:42 PM
heartbeat;E:\github\admin\CentACS.Admin\Views\Product\Index.cshtml;47;3/19/2015 4:41:42 PM
heartbeat;E:\github\admin\CentACS.Admin\Views\Product\Index.cshtml;40;3/19/2015 4:41:44 PM
heartbeat;E:\github\admin\CentACS.Admin\Views\Product\Index.cshtml;44;3/19/2015 4:42:16 PM
heartbeat;E:\github\admin\CentACS.Admin\Views\Product\Index.cshtml;39;3/19/2015 4:42:18 PM
heartbeat;E:\github\admin\CentACS.Admin\Views\Product\Index.cshtml;39;3/19/2015 4:42:27 PM
heartbeat;E:\github\admin\CentACS.Admin\Views\Product\Index.cshtml;41;3/19/2015 4:42:28 PM
heartbeat;E:\github\admin\CentACS.Admin\Views\Product\Index.cshtml;49;3/19/2015 4:42:32 PM
heartbeat;E:\github\admin\CentACS.Admin\Views\Product\Index.cshtml;41;3/19/2015 4:42:36 PM
heartbeat;E:\github\admin\CentACS.Admin\Views\Product\Index.cshtml;39;3/19/2015 4:42:40 PM
heartbeat;E:\github\admin\CentACS.Admin\Views\Product\Index.cshtml;43;3/19/2015 4:42:41 PM
heartbeat;E:\github\admin\CentACS.Admin\Views\Product\Index.cshtml;41;3/19/2015 4:42:42 PM
heartbeat;E:\github\admin\CentACS.Admin\Views\Product\Index.cshtml;47;3/19/2015 4:43:12 PM
heartbeat;E:\github\admin\CentACS.Admin\Views\Product\Index.cshtml;36;3/19/2015 4:43:25 PM
heartbeat;E:\github\admin\CentACS.Admin\Views\Product\Index.cshtml;31;3/19/2015 4:43:29 PM
heartbeat;E:\github\admin\CentACS.Admin\Views\Product\Index.cshtml;29;3/19/2015 4:43:31 PM
heartbeat;E:\github\admin\CentACS.Admin\Views\Product\Index.cshtml;20;3/19/2015 4:43:36 PM
heartbeat;E:\github\admin\CentACS.Admin\Views\Product\Index.cshtml;39;3/19/2015 4:43:38 PM
heartbeat;E:\github\admin\CentACS.Admin\Views\Product\Index.cshtml;18;3/19/2015 4:43:40 PM
heartbeat;E:\github\admin\CentACS.Admin\Views\Product\Index.cshtml;37;3/19/2015 4:43:54 PM
heartbeat;E:\github\admin\CentACS.Admin\Views\Product\Index.cshtml;22;3/19/2015 4:43:54 PM
heartbeat;E:\github\admin\CentACS.Admin\Views\Product\Index.cshtml;24;3/19/2015 4:43:54 PM
heartbeat;E:\github\admin\CentACS.Admin\Views\Product\Index.cshtml;27;3/19/2015 4:43:54 PM
heartbeat;E:\github\admin\CentACS.Admin\Views\Product\Index.cshtml;37;3/19/2015 4:43:54 PM
heartbeat;E:\github\admin\CentACS.Admin\Views\Product\Index.cshtml;21;3/19/2015 4:43:56 PM
heartbeat;E:\github\admin\CentACS.Admin\Views\Product\Index.cshtml;36;3/19/2015 4:44:03 PM
heartbeat;E:\github\admin\CentACS.Admin\Views\Product\Index.cshtml;22;3/19/2015 4:44:05 PM
heartbeat;E:\github\admin\CentACS.Admin\Views\Product\Index.cshtml;25;3/19/2015 4:44:05 PM
heartbeat;E:\github\admin\CentACS.Admin\Views\Product\Index.cshtml;28;3/19/2015 4:44:05 PM
heartbeat;E:\github\admin\CentACS.Admin\Views\Product\Index.cshtml;38;3/19/2015 4:44:05 PM
heartbeat;E:\github\admin\CentACS.Admin\Views\Product\Index.cshtml;23;3/19/2015 4:44:06 PM
heartbeat;E:\github\admin\CentACS.Admin\Views\Product\Index.cshtml;36;3/19/2015 4:44:19 PM
heartbeat;E:\github\admin\CentACS.Admin\Views\Product\Index.cshtml;25;3/19/2015 4:44:20 PM
heartbeat;E:\github\admin\CentACS.Admin\Views\Product\Index.cshtml;28;3/19/2015 4:44:20 PM
heartbeat;E:\github\admin\CentACS.Admin\Views\Product\Index.cshtml;37;3/19/2015 4:44:20 PM
heartbeat;E:\github\admin\CentACS.Admin\Views\Product\Index.cshtml;24;3/19/2015 4:44:21 PM
heartbeat;E:\github\admin\CentACS.Admin\Views\Product\Index.cshtml;30;3/19/2015 4:44:38 PM
heartbeat;E:\github\admin\CentACS.Admin\Views\Product\Index.cshtml;30;3/19/2015 4:44:44 PM
heartbeat;E:\github\admin\CentACS.Admin\Views\Product\Index.cshtml;24;3/19/2015 4:44:48 PM
heartbeat;E:\github\admin\CentACS.Admin\Views\Product\Index.cshtml;35;3/19/2015 4:44:52 PM
heartbeat;E:\github\admin\CentACS.Admin\Views\Product\Index.cshtml;31;3/19/2015 4:45:02 PM
heartbeat;E:\github\admin\CentACS.Admin\Views\Product\Index.cshtml;33;3/19/2015 4:45:03 PM
heartbeat;E:\github\admin\CentACS.Admin\Views\Product\Index.cshtml;28;3/19/2015 4:45:05 PM
heartbeat;E:\github\admin\CentACS.Admin\Views\Product\Index.cshtml;33;3/19/2015 4:45:11 PM
heartbeat;E:\github\admin\CentACS.Admin\Views\Product\Index.cshtml;29;3/19/2015 4:45:19 PM
heartbeat;E:\github\admin\CentACS.Admin\Views\Product\Index.cshtml;26;3/19/2015 4:45:31 PM
heartbeat;E:\github\admin\CentACS.Admin\Views\Product\Index.cshtml;29;3/19/2015 4:45:47 PM
heartbeat;E:\github\admin\CentACS.Admin\Views\Product\Index.cshtml;26;3/19/2015 4:45:48 PM
heartbeat;E:\github\admin\CentACS.Admin\Views\Product\Index.cshtml;22;3/19/2015 4:46:16 PM
heartbeat;E:\github\admin\CentACS.Admin\Views\Product\Index.cshtml;9;3/19/2015 4:46:22 PM
heartbeat;E:\github\admin\CentACS.Admin\Views\Product\Index.cshtml;11;3/19/2015 4:46:28 PM
heartbeat;E:\github\admin\CentACS.Admin\Views\Product\Index.cshtml;14;3/19/2015 4:46:28 PM
heartbeat;E:\github\admin\CentACS.Admin\Views\Product\Index.cshtml;8;3/19/2015 4:46:50 PM
heartbeat;E:\github\admin\CentACS.Admin\Views\Product\Index.cshtml;3;3/19/2015 4:46:59 PM
heartbeat;E:\github\admin\CentACS.Admin\Views\Product\Index.cshtml;8;3/19/2015 4:47:00 PM
heartbeat;E:\github\admin\CentACS.Admin\Views\Product\Index.cshtml;10;3/19/2015 4:47:09 PM
heartbeat;E:\github\admin\CentACS.Admin\Views\Product\Index.cshtml;15;3/19/2015 4:47:13 PM
heartbeat;E:\github\admin\CentACS.Admin\Views\Product\Index.cshtml;4;3/19/2015 4:47:15 PM
heartbeat;E:\github\admin\CentACS.Admin\Views\Product\Index.cshtml;6;3/19/2015 4:47:16 PM
heartbeat;E:\github\admin\CentACS.Admin\Views\Product\Index.cshtml;4;3/19/2015 4:47:18 PM
heartbeat;E:\github\admin\CentACS.Admin\Views\Product\Index.cshtml;40;3/19/2015 4:47:21 PM
heartbeat;E:\github\admin\CentACS.Admin\Views\Product\Index.cshtml;4;3/19/2015 4:47:30 PM
heartbeat;E:\github\admin\CentACS.Admin\Views\Product\Index.cshtml;4;3/19/2015 4:47:31 PM
heartbeat;E:\github\admin\CentACS.Admin\Views\Product\Index.cshtml;6;3/19/2015 4:47:33 PM
heartbeat;E:\github\admin\CentACS.Admin\Views\Product\Index.cshtml;7;3/19/2015 4:47:35 PM
heartbeat;E:\github\admin\CentACS.Admin\Views\Product\Index.cshtml;38;3/19/2015 4:48:08 PM
heartbeat;E:\github\admin\CentACS.Admin\Views\Shared\_Layout.cshtml;25;3/19/2015 4:48:14 PM
heartbeat;E:\github\admin\CentACS.Admin\Views\Shared\_Layout.cshtml;27;3/19/2015 4:48:19 PM
heartbeat;E:\github\admin\CentACS.Admin\Views\Shared\_Layout.cshtml;29;3/19/2015 4:48:20 PM
heartbeat;E:\github\admin\CentACS.Admin\Views\Template\Index.cshtml;20;3/19/2015 4:49:15 PM
heartbeat;E:\github\admin\CentACS.Admin\Views\Template\Index.cshtml;7;3/19/2015 4:49:17 PM
heartbeat;E:\github\admin\CentACS.Admin\Views\Product\Index.cshtml;2;3/19/2015 4:49:25 PM
heartbeat;E:\github\admin\CentACS.Admin\Views\Product\Index.cshtml;37;3/19/2015 4:49:25 PM
heartbeat;E:\github\admin\CentACS.Admin\Views\Product\Index.cshtml;9;3/19/2015 4:49:27 PM
heartbeat;E:\github\admin\CentACS.Admin\Views\Product\Index.cshtml;40;3/19/2015 4:49:30 PM
heartbeat;E:\github\admin\CentACS.Admin\Views\Product\Index.cshtml;13;3/19/2015 4:49:30 PM
heartbeat;E:\github\admin\CentACS.Admin\Views\Product\Index.cshtml;10;3/19/2015 4:49:30 PM
heartbeat;E:\github\admin\CentACS.Admin\Views\Template\Index.cshtml;17;3/19/2015 4:49:32 PM
heartbeat;E:\github\admin\CentACS.Admin\Views\Template\Index.cshtml;2;3/19/2015 4:49:32 PM
heartbeat;E:\github\admin\CentACS.Admin\Views\Template\Index.cshtml;41;3/19/2015 4:49:36 PM
heartbeat;E:\github\admin\CentACS.Admin\Views\Template\Index.cshtml;19;3/19/2015 4:49:36 PM
heartbeat;E:\github\admin\CentACS.Admin\Views\Template\Index.cshtml;23;3/19/2015 4:49:36 PM
heartbeat;E:\github\admin\CentACS.Admin\Views\Template\Index.cshtml;35;3/19/2015 4:49:36 PM
heartbeat;E:\github\admin\CentACS.Admin\Views\Template\Index.cshtml;41;3/19/2015 4:49:36 PM
heartbeat;E:\github\admin\CentACS.Admin\Views\Template\Index.cshtml;5;3/19/2015 4:49:45 PM
heartbeat;E:\github\admin\CentACS.Admin\Views\Template\Index.cshtml;23;3/19/2015 4:49:49 PM
heartbeat;E:\github\admin\CentACS.Admin\Views\Template\Index.cshtml;19;3/19/2015 4:49:51 PM
heartbeat;E:\github\admin\CentACS.Admin\Views\Template\Index.cshtml;27;3/19/2015 4:49:52 PM
heartbeat;E:\github\admin\CentACS.Admin\Views\Template\Index.cshtml;33;3/19/2015 4:49:56 PM
heartbeat;E:\github\admin\CentACS.Admin\Views\Template\Index.cshtml;35;3/19/2015 4:50:01 PM
heartbeat;E:\github\admin\CentACS.Admin\Views\Template\Index.cshtml;41;3/19/2015 4:50:04 PM
heartbeat;E:\github\admin\CentACS.Admin\Views\Template\Index.cshtml;45;3/19/2015 4:50:06 PM
heartbeat;E:\github\admin\CentACS.Admin\Views\Template\Index.cshtml;39;3/19/2015 4:50:08 PM
heartbeat;E:\github\admin\CentACS.Admin\Views\Template\Index.cshtml;29;3/19/2015 4:50:13 PM
heartbeat;E:\github\admin\CentACS.Admin\Views\Template\Index.cshtml;31;3/19/2015 4:50:13 PM
heartbeat;E:\github\admin\CentACS.Admin\Views\Template\Index.cshtml;29;3/19/2015 4:50:13 PM
heartbeat;E:\github\admin\CentACS.Admin\Views\Template\Index.cshtml;46;3/19/2015 4:50:14 PM
heartbeat;E:\github\admin\CentACS.Admin\Views\Template\Index.cshtml;19;3/19/2015 4:50:16 PM
heartbeat;E:\github\admin\CentACS.Admin\Views\Template\Index.cshtml;12;3/19/2015 4:50:41 PM
heartbeat;E:\github\admin\CentACS.Admin\Controllers\TemplateController.cs;18;3/19/2015 4:50:50 PM
heartbeat;E:\github\admin\CentACS.Admin\Controllers\TemplateController.cs;46;3/19/2015 4:51:09 PM
heartbeat;E:\github\admin\CentACS.Admin\Controllers\TemplateController.cs;50;3/19/2015 4:51:55 PM
heartbeat;E:\github\admin\CentACS.Admin\Controllers\TemplateController.cs;50;3/19/2015 4:51:57 PM
heartbeat;E:\github\admin\CentACS.Admin\Controllers\TemplateController.cs;46;3/19/2015 4:51:57 PM
heartbeat;E:\github\admin\CentACS.Admin\Controllers\TemplateController.cs;48;3/19/2015 4:51:58 PM
heartbeat;E:\github\admin\CentACS.Admin\Controllers\TemplateController.cs;42;3/19/2015 4:52:19 PM
heartbeat;E:\github\admin\CentACS.Admin\Controllers\TemplateController.cs;21;3/19/2015 4:52:21 PM
heartbeat;E:\github\admin\CentACS.Admin\Views\Template\Index.cshtml;3;3/19/2015 4:52:27 PM
heartbeat;E:\github\admin\CentACS.Admin\Views\Template\Index.cshtml;0;3/19/2015 4:52:28 PM
heartbeat;E:\github\admin\CentACS.Admin\Views\Template\Index.cshtml;19;3/19/2015 4:52:46 PM
heartbeat;E:\github\admin\CentACS.Admin\Views\Template\Index.cshtml;19;3/19/2015 4:52:49 PM
heartbeat;E:\github\admin\CentACS.Admin\Views\Template\Index.cshtml;22;3/19/2015 4:54:06 PM
heartbeat;E:\github\admin\CentACS.Admin\Views\Template\Index.cshtml;29;3/19/2015 4:54:08 PM
heartbeat;E:\github\admin\CentACS.Admin\Views\Template\Index.cshtml;27;3/19/2015 4:54:09 PM
heartbeat;E:\github\admin\CentACS.Admin\Views\Template\Index.cshtml;43;3/19/2015 4:54:18 PM
heartbeat;E:\github\admin\CentACS.Admin\Views\Template\Index.cshtml;29;3/19/2015 4:54:21 PM
heartbeat;E:\github\admin\CentACS.Admin\Views\Template\Index.cshtml;31;3/19/2015 4:54:21 PM
heartbeat;E:\github\admin\CentACS.Admin\Views\Template\Index.cshtml;29;3/19/2015 4:54:21 PM
heartbeat;E:\github\admin\CentACS.Admin\Views\Template\Index.cshtml;28;3/19/2015 4:54:22 PM
heartbeat;E:\github\admin\CentACS.Admin\Views\Template\Index.cshtml;34;3/19/2015 4:54:46 PM
heartbeat;E:\github\admin\CentACS.Admin\Views\Template\Index.cshtml;30;3/19/2015 4:54:47 PM
heartbeat;E:\github\admin\CentACS.Admin\Views\Template\Index.cshtml;34;3/19/2015 4:55:18 PM
heartbeat;E:\github\admin\CentACS.Admin\Views\Template\Index.cshtml;31;3/19/2015 4:55:19 PM
heartbeat;E:\github\admin\CentACS.Admin\Views\Template\Index.cshtml;37;3/19/2015 4:55:31 PM
heartbeat;E:\github\admin\CentACS.Admin\Views\Template\Index.cshtml;32;3/19/2015 4:55:33 PM
heartbeat;E:\github\admin\CentACS.Admin\Views\Template\Index.cshtml;39;3/19/2015 4:55:40 PM
heartbeat;E:\github\admin\CentACS.Admin\Views\Template\Index.cshtml;32;3/19/2015 4:55:41 PM
heartbeat;E:\github\admin\CentACS.Admin\Views\Template\Index.cshtml;37;3/19/2015 4:55:43 PM
heartbeat;E:\github\admin\CentACS.Admin\Views\Template\Index.cshtml;38;3/19/2015 4:57:23 PM
heartbeat;E:\github\admin\CentACS.Admin\Views\Template\Index.cshtml;16;3/19/2015 4:57:29 PM
heartbeat;E:\github\admin\CentACS.Admin\Repository\Cluster.cs;8;3/19/2015 4:57:46 PM
heartbeat;E:\github\admin\CentACS.Admin\Repository\Cluster.cs;20;3/19/2015 4:59:13 PM
